0 info it worked if it ends with ok
1 verbose cli [ '/Users/damianaruj/.nvm/versions/node/v6.5.0/bin/node',
1 verbose cli   '/Users/damianaruj/.nvm/versions/node/v6.5.0/bin/npm',
1 verbose cli   'start' ]
2 info using npm@3.10.3
3 info using node@v6.5.0
4 verbose run-script [ 'prestart', 'start', 'poststart' ]
5 info lifecycle reactjs-scaffolding@0.0.1~prestart: reactjs-scaffolding@0.0.1
6 silly lifecycle reactjs-scaffolding@0.0.1~prestart: no script for prestart, continuing
7 info lifecycle reactjs-scaffolding@0.0.1~start: reactjs-scaffolding@0.0.1
8 verbose lifecycle reactjs-scaffolding@0.0.1~start: unsafe-perm in lifecycle true
9 verbose lifecycle reactjs-scaffolding@0.0.1~start: PATH: /Users/damianaruj/.nvm/versions/node/v6.5.0/lib/node_modules/npm/bin/node-gyp-bin:/Users/damianaruj/dev/whiteprompt/public-sources/reactjs/reactjs-scaffolding/node_modules/.bin:/Users/damianaruj/.nvm/versions/node/v6.5.0/bin:/Users/damianaruj/.rvm/gems/ruby-2.2.4/bin:/Users/damianaruj/.rvm/gems/ruby-2.2.4@global/bin:/Users/damianaruj/.rvm/rubies/ruby-2.2.4/bin:/Users/damianaruj/.nvm/versions/node/v6.5.0/bin:/usr/local/bin:/usr/local/sbin:/usr/local/mysql/bin:/usr/local/bin:/usr/bin:/bin:/usr/sbin:/sbin:/Users/damianaruj/.rvm/bin:./node_modules/.bin/
10 verbose lifecycle reactjs-scaffolding@0.0.1~start: CWD: /Users/damianaruj/dev/whiteprompt/public-sources/reactjs/reactjs-scaffolding
11 silly lifecycle reactjs-scaffolding@0.0.1~start: Args: [ '-c',
11 silly lifecycle   './node_modules/webpack-dev-server/bin/webpack-dev-server.js --port 8080 --host 0.0.0.0 --config webpack.config.js --progress' ]
12 silly lifecycle reactjs-scaffolding@0.0.1~start: Returned: code: 1  signal: null
13 info lifecycle reactjs-scaffolding@0.0.1~start: Failed to exec start script
14 verbose stack Error: reactjs-scaffolding@0.0.1 start: `./node_modules/webpack-dev-server/bin/webpack-dev-server.js --port 8080 --host 0.0.0.0 --config webpack.config.js --progress`
14 verbose stack Exit status 1
14 verbose stack     at EventEmitter.<anonymous> (/Users/damianaruj/.nvm/versions/node/v6.5.0/lib/node_modules/npm/lib/utils/lifecycle.js:242:16)
14 verbose stack     at emitTwo (events.js:106:13)
14 verbose stack     at EventEmitter.emit (events.js:191:7)
14 verbose stack     at ChildProcess.<anonymous> (/Users/damianaruj/.nvm/versions/node/v6.5.0/lib/node_modules/npm/lib/utils/spawn.js:40:14)
14 verbose stack     at emitTwo (events.js:106:13)
14 verbose stack     at ChildProcess.emit (events.js:191:7)
14 verbose stack     at maybeClose (internal/child_process.js:877:16)
14 verbose stack     at Process.ChildProcess._handle.onexit (internal/child_process.js:226:5)
15 verbose pkgid reactjs-scaffolding@0.0.1
16 verbose cwd /Users/damianaruj/dev/whiteprompt/public-sources/reactjs/reactjs-scaffolding
17 error Darwin 16.4.0
18 error argv "/Users/damianaruj/.nvm/versions/node/v6.5.0/bin/node" "/Users/damianaruj/.nvm/versions/node/v6.5.0/bin/npm" "start"
19 error node v6.5.0
20 error npm  v3.10.3
21 error code ELIFECYCLE
22 error reactjs-scaffolding@0.0.1 start: `./node_modules/webpack-dev-server/bin/webpack-dev-server.js --port 8080 --host 0.0.0.0 --config webpack.config.js --progress`
22 error Exit status 1
23 error Failed at the reactjs-scaffolding@0.0.1 start script './node_modules/webpack-dev-server/bin/webpack-dev-server.js --port 8080 --host 0.0.0.0 --config webpack.config.js --progress'.
23 error Make sure you have the latest version of node.js and npm installed.
23 error If you do, this is most likely a problem with the reactjs-scaffolding package,
23 error not with npm itself.
23 error Tell the author that this fails on your system:
23 error     ./node_modules/webpack-dev-server/bin/webpack-dev-server.js --port 8080 --host 0.0.0.0 --config webpack.config.js --progress
23 error You can get information on how to open an issue for this project with:
23 error     npm bugs reactjs-scaffolding
23 error Or if that isn't available, you can get their info via:
23 error     npm owner ls reactjs-scaffolding
23 error There is likely additional logging output above.
24 verbose exit [ 1, true ]
